# JRE version: OpenJDK Runtime Environment Temurin-17.0.10+7 (17.0.10+7) (build 17.0.10+7)
# Java VM: OpenJDK 64-Bit Server VM Temurin-17.0.10+7 (17.0.10+7, mixed mode, tiered, compressed oops, compressed class ptrs, parallel gc, windows-amd64)
GC Precious Log:
 CPUs: 8 total, 8 available
 Memory: 7926M
 Large Page Support: Disabled
 NUMA Support: Disabled
 Compressed Oops: Enabled (32-bit)
 Alignments: Space 512K, Generation 512K, Heap 2M
 Heap Min Capacity: 100M
 Heap Initial Capacity: 100M
 Heap Max Capacity: 1G
 Pre-touch: Disabled
 Parallel Workers: 8
Heap:
 PSYoungGen      total 30208K, used 10651K [0x00000000eab00000, 0x00000000ece00000, 0x0000000100000000)
  eden space 25088K, 22% used [0x00000000eab00000,0x00000000eb06a508,0x00000000ec380000)
  from space 5120K, 99% used [0x00000000ec900000,0x00000000ecdfc778,0x00000000ece00000)
  to   space 5120K, 0% used [0x00000000ec380000,0x00000000ec380000,0x00000000ec880000)
 ParOldGen       total 316928K, used 284605K [0x00000000c0000000, 0x00000000d3580000, 0x00000000eab00000)
  object space 316928K, 89% used [0x00000000c0000000,0x00000000d15ef4a8,0x00000000d3580000)
 Metaspace       used 64402K, committed 65600K, reserved 1114112K
  class space    used 7011K, committed 7552K, reserved 1048576K
GC Heap History (20 events):
Event: 18.982 GC heap before
{Heap before GC invocations=217 (full 10):
 PSYoungGen      total 19968K, used 19786K [0x00000000eab00000, 0x00000000ec500000, 0x0000000100000000)
  eden space 14336K, 99% used [0x00000000eab00000,0x00000000eb8f9030,0x00000000eb900000)
  from space 5632K, 97% used [0x00000000ebf80000,0x00000000ec4d99e0,0x00000000ec500000)
  to   space 6144K, 0% used [0x00000000eb900000,0x00000000eb900000,0x00000000ebf00000)
 ParOldGen       total 276480K, used 246180K [0x00000000c0000000, 0x00000000d0e00000, 0x00000000eab00000)
  object space 276480K, 89% used [0x00000000c0000000,0x00000000cf069300,0x00000000d0e00000)
 Metaspace       used 62369K, committed 63360K, reserved 1114112K
  class space    used 6802K, committed 7232K, reserved 1048576K
}
Event: 18.987 GC heap after
{Heap after GC invocations=217 (full 10):
 PSYoungGen      total 20480K, used 6138K [0x00000000eab00000, 0x00000000ecc00000, 0x0000000100000000)
  eden space 14336K, 0% used [0x00000000eab00000,0x00000000eab00000,0x00000000eb900000)
  from space 6144K, 99% used [0x00000000eb900000,0x00000000ebefe940,0x00000000ebf00000)
  to   space 9728K, 0% used [0x00000000ec280000,0x00000000ec280000,0x00000000ecc00000)
 ParOldGen       total 276480K, used 249045K [0x00000000c0000000, 0x00000000d0e00000, 0x00000000eab00000)
  object space 276480K, 90% used [0x00000000c0000000,0x00000000cf335440,0x00000000d0e00000)
 Metaspace       used 62369K, committed 63360K, reserved 1114112K
  class space    used 6802K, committed 7232K, reserved 1048576K
}
Event: 19.021 GC heap before
{Heap before GC invocations=218 (full 10):
 PSYoungGen      total 20480K, used 20474K [0x00000000eab00000, 0x00000000ecc00000, 0x0000000100000000)
  eden space 14336K, 100% used [0x00000000eab00000,0x00000000eb900000,0x00000000eb900000)
  from space 6144K, 99% used [0x00000000eb900000,0x00000000ebefe940,0x00000000ebf00000)
  to   space 9728K, 0% used [0x00000000ec280000,0x00000000ec280000,0x00000000ecc00000)
 ParOldGen       total 276480K, used 249045K [0x00000000c0000000, 0x00000000d0e00000, 0x00000000eab00000)
  object space 276480K, 90% used [0x00000000c0000000,0x00000000cf335440,0x00000000d0e00000)
 Metaspace       used 62402K, committed 63424K, reserved 1114112K
  class space    used 6807K, committed 7232K, reserved 1048576K
}
Event: 19.030 GC heap after
{Heap after GC invocations=218 (full 10):
 PSYoungGen      total 24064K, used 7431K [0x00000000eab00000, 0x00000000eca80000, 0x0000000100000000)
  eden space 15872K, 0% used [0x00000000eab00000,0x00000000eab00000,0x00000000eba80000)
  from space 8192K, 90% used [0x00000000ec280000,0x00000000ec9c1d40,0x00000000eca80000)
  to   space 8192K, 0% used [0x00000000eba80000,0x00000000eba80000,0x00000000ec280000)
 ParOldGen       total 276480K, used 252886K [0x00000000c0000000, 0x00000000d0e00000, 0x00000000eab00000)
  object space 276480K, 91% used [0x00000000c0000000,0x00000000cf6f5af0,0x00000000d0e00000)
 Metaspace       used 62402K, committed 63424K, reserved 1114112K
  class space    used 6807K, committed 7232K, reserved 1048576K
}
Event: 19.104 GC heap before
{Heap before GC invocations=219 (full 10):
 PSYoungGen      total 24064K, used 23303K [0x00000000eab00000, 0x00000000eca80000, 0x0000000100000000)
  eden space 15872K, 100% used [0x00000000eab00000,0x00000000eba80000,0x00000000eba80000)
  from space 8192K, 90% used [0x00000000ec280000,0x00000000ec9c1d40,0x00000000eca80000)
  to   space 8192K, 0% used [0x00000000eba80000,0x00000000eba80000,0x00000000ec280000)
 ParOldGen       total 276480K, used 252886K [0x00000000c0000000, 0x00000000d0e00000, 0x00000000eab00000)
  object space 276480K, 91% used [0x00000000c0000000,0x00000000cf6f5af0,0x00000000d0e00000)
 Metaspace       used 62414K, committed 63424K, reserved 1114112K
  class space    used 6808K, committed 7232K, reserved 1048576K
}
Event: 19.132 GC heap after
{Heap after GC invocations=219 (full 10):
 PSYoungGen      total 24064K, used 8183K [0x00000000eab00000, 0x00000000ed700000, 0x0000000100000000)
  eden space 15872K, 0% used [0x00000000eab00000,0x00000000eab00000,0x00000000eba80000)
  from space 8192K, 99% used [0x00000000eba80000,0x00000000ec27df38,0x00000000ec280000)
  to   space 13312K, 0% used [0x00000000eca00000,0x00000000eca00000,0x00000000ed700000)
 ParOldGen       total 276480K, used 256916K [0x00000000c0000000, 0x00000000d0e00000, 0x00000000eab00000)
  object space 276480K, 92% used [0x00000000c0000000,0x00000000cfae5378,0x00000000d0e00000)
 Metaspace       used 62414K, committed 63424K, reserved 1114112K
  class space    used 6808K, committed 7232K, reserved 1048576K
}
Event: 19.266 GC heap before
{Heap before GC invocations=220 (full 10):
 PSYoungGen      total 24064K, used 24046K [0x00000000eab00000, 0x00000000ed700000, 0x0000000100000000)
  eden space 15872K, 99% used [0x00000000eab00000,0x00000000eba7d940,0x00000000eba80000)
  from space 8192K, 99% used [0x00000000eba80000,0x00000000ec27df38,0x00000000ec280000)
  to   space 13312K, 0% used [0x00000000eca00000,0x00000000eca00000,0x00000000ed700000)
 ParOldGen       total 276480K, used 256916K [0x00000000c0000000, 0x00000000d0e00000, 0x00000000eab00000)
  object space 276480K, 92% used [0x00000000c0000000,0x00000000cfae5378,0x00000000d0e00000)
 Metaspace       used 62455K, committed 63424K, reserved 1114112K
  class space    used 6813K, committed 7232K, reserved 1048576K
}
Event: 19.281 GC heap after
{Heap after GC invocations=220 (full 10):
 PSYoungGen      total 24064K, used 5786K [0x00000000eab00000, 0x00000000ed000000, 0x0000000100000000)
  eden space 17920K, 0% used [0x00000000eab00000,0x00000000eab00000,0x00000000ebc80000)
  from space 6144K, 94% used [0x00000000eca00000,0x00000000ecfa6b60,0x00000000ed000000)
  to   space 8192K, 0% used [0x00000000ec000000,0x00000000ec000000,0x00000000ec800000)
 ParOldGen       total 276480K, used 265006K [0x00000000c0000000, 0x00000000d0e00000, 0x00000000eab00000)
  object space 276480K, 95% used [0x00000000c0000000,0x00000000d02cba28,0x00000000d0e00000)
 Metaspace       used 62455K, committed 63424K, reserved 1114112K
  class space    used 6813K, committed 7232K, reserved 1048576K
}
Event: 19.333 GC heap before
{Heap before GC invocations=221 (full 10):
 PSYoungGen      total 24064K, used 23706K [0x00000000eab00000, 0x00000000ed000000, 0x0000000100000000)
  eden space 17920K, 100% used [0x00000000eab00000,0x00000000ebc80000,0x00000000ebc80000)
  from space 6144K, 94% used [0x00000000eca00000,0x00000000ecfa6b60,0x00000000ed000000)
  to   space 8192K, 0% used [0x00000000ec000000,0x00000000ec000000,0x00000000ec800000)
 ParOldGen       total 276480K, used 265006K [0x00000000c0000000, 0x00000000d0e00000, 0x00000000eab00000)
  object space 276480K, 95% used [0x00000000c0000000,0x00000000d02cba28,0x00000000d0e00000)
 Metaspace       used 62468K, committed 63424K, reserved 1114112K
  class space    used 6814K, committed 7232K, reserved 1048576K
}
Event: 19.340 GC heap after
{Heap after GC invocations=221 (full 10):
 PSYoungGen      total 27136K, used 6898K [0x00000000eab00000, 0x00000000ecc80000, 0x0000000100000000)
  eden space 19968K, 0% used [0x00000000eab00000,0x00000000eab00000,0x00000000ebe80000)
  from space 7168K, 96% used [0x00000000ec000000,0x00000000ec6bcbe8,0x00000000ec700000)
  to   space 5632K, 0% used [0x00000000ec700000,0x00000000ec700000,0x00000000ecc80000)
 ParOldGen       total 276480K, used 270640K [0x00000000c0000000, 0x00000000d0e00000, 0x00000000eab00000)
  object space 276480K, 97% used [0x00000000c0000000,0x00000000d084c058,0x00000000d0e00000)
 Metaspace       used 62468K, committed 63424K, reserved 1114112K
  class space    used 6814K, committed 7232K, reserved 1048576K
}
Event: 19.340 GC heap before
{Heap before GC invocations=222 (full 11):
 PSYoungGen      total 27136K, used 6898K [0x00000000eab00000, 0x00000000ecc80000, 0x0000000100000000)
  eden space 19968K, 0% used [0x00000000eab00000,0x00000000eab00000,0x00000000ebe80000)
  from space 7168K, 96% used [0x00000000ec000000,0x00000000ec6bcbe8,0x00000000ec700000)
  to   space 5632K, 0% used [0x00000000ec700000,0x00000000ec700000,0x00000000ecc80000)
 ParOldGen       total 276480K, used 270640K [0x00000000c0000000, 0x00000000d0e00000, 0x00000000eab00000)
  object space 276480K, 97% used [0x00000000c0000000,0x00000000d084c058,0x00000000d0e00000)
 Metaspace       used 62468K, committed 63424K, reserved 1114112K
  class space    used 6814K, committed 7232K, reserved 1048576K
}
Event: 19.651 GC heap after
{Heap after GC invocations=222 (full 11):
 PSYoungGen      total 27136K, used 0K [0x00000000eab00000, 0x00000000ece80000, 0x0000000100000000)
  eden space 21504K, 0% used [0x00000000eab00000,0x00000000eab00000,0x00000000ec000000)
  from space 5632K, 0% used [0x00000000ec700000,0x00000000ec700000,0x00000000ecc80000)
  to   space 7168K, 0% used [0x00000000ec000000,0x00000000ec000000,0x00000000ec700000)
 ParOldGen       total 316928K, used 274909K [0x00000000c0000000, 0x00000000d3580000, 0x00000000eab00000)
  object space 316928K, 86% used [0x00000000c0000000,0x00000000d0c77638,0x00000000d3580000)
 Metaspace       used 62468K, committed 63424K, reserved 1114112K
  class space    used 6814K, committed 7232K, reserved 1048576K
}
Event: 20.049 GC heap before
{Heap before GC invocations=223 (full 11):
 PSYoungGen      total 27136K, used 21504K [0x00000000eab00000, 0x00000000ece80000, 0x0000000100000000)
  eden space 21504K, 100% used [0x00000000eab00000,0x00000000ec000000,0x00000000ec000000)
  from space 5632K, 0% used [0x00000000ec700000,0x00000000ec700000,0x00000000ecc80000)
  to   space 7168K, 0% used [0x00000000ec000000,0x00000000ec000000,0x00000000ec700000)
 ParOldGen       total 316928K, used 274909K [0x00000000c0000000, 0x00000000d3580000, 0x00000000eab00000)
  object space 316928K, 86% used [0x00000000c0000000,0x00000000d0c77638,0x00000000d3580000)
 Metaspace       used 62479K, committed 63424K, reserved 1114112K
  class space    used 6814K, committed 7232K, reserved 1048576K
}
Event: 20.103 GC heap after
{Heap after GC invocations=223 (full 11):
 PSYoungGen      total 28672K, used 7163K [0x00000000eab00000, 0x00000000ed300000, 0x0000000100000000)
  eden space 21504K, 0% used [0x00000000eab00000,0x00000000eab00000,0x00000000ec000000)
  from space 7168K, 99% used [0x00000000ec000000,0x00000000ec6fec60,0x00000000ec700000)
  to   space 8704K, 0% used [0x00000000eca80000,0x00000000eca80000,0x00000000ed300000)
 ParOldGen       total 316928K, used 275896K [0x00000000c0000000, 0x00000000d3580000, 0x00000000eab00000)
  object space 316928K, 87% used [0x00000000c0000000,0x00000000d0d6e1e8,0x00000000d3580000)
 Metaspace       used 62479K, committed 63424K, reserved 1114112K
  class space    used 6814K, committed 7232K, reserved 1048576K
}
Event: 21.084 GC heap before
{Heap before GC invocations=224 (full 11):
 PSYoungGen      total 28672K, used 28667K [0x00000000eab00000, 0x00000000ed300000, 0x0000000100000000)
  eden space 21504K, 100% used [0x00000000eab00000,0x00000000ec000000,0x00000000ec000000)
  from space 7168K, 99% used [0x00000000ec000000,0x00000000ec6fec60,0x00000000ec700000)
  to   space 8704K, 0% used [0x00000000eca80000,0x00000000eca80000,0x00000000ed300000)
 ParOldGen       total 316928K, used 275896K [0x00000000c0000000, 0x00000000d3580000, 0x00000000eab00000)
  object space 316928K, 87% used [0x00000000c0000000,0x00000000d0d6e1e8,0x00000000d3580000)
 Metaspace       used 63532K, committed 64640K, reserved 1114112K
  class space    used 6933K, committed 7424K, reserved 1048576K
}
Event: 21.096 GC heap after
{Heap after GC invocations=224 (full 11):
 PSYoungGen      total 26624K, used 3029K [0x00000000eab00000, 0x00000000ecd80000, 0x0000000100000000)
  eden space 23552K, 0% used [0x00000000eab00000,0x00000000eab00000,0x00000000ec200000)
  from space 3072K, 98% used [0x00000000eca80000,0x00000000ecd75640,0x00000000ecd80000)
  to   space 5120K, 0% used [0x00000000ec380000,0x00000000ec380000,0x00000000ec880000)
 ParOldGen       total 316928K, used 283000K [0x00000000c0000000, 0x00000000d3580000, 0x00000000eab00000)
  object space 316928K, 89% used [0x00000000c0000000,0x00000000d145e058,0x00000000d3580000)
 Metaspace       used 63532K, committed 64640K, reserved 1114112K
  class space    used 6933K, committed 7424K, reserved 1048576K
}
Event: 21.240 GC heap before
{Heap before GC invocations=225 (full 11):
 PSYoungGen      total 26624K, used 26581K [0x00000000eab00000, 0x00000000ecd80000, 0x0000000100000000)
  eden space 23552K, 100% used [0x00000000eab00000,0x00000000ec200000,0x00000000ec200000)
  from space 3072K, 98% used [0x00000000eca80000,0x00000000ecd75640,0x00000000ecd80000)
  to   space 5120K, 0% used [0x00000000ec380000,0x00000000ec380000,0x00000000ec880000)
 ParOldGen       total 316928K, used 283000K [0x00000000c0000000, 0x00000000d3580000, 0x00000000eab00000)
  object space 316928K, 89% used [0x00000000c0000000,0x00000000d145e058,0x00000000d3580000)
 Metaspace       used 63710K, committed 64896K, reserved 1114112K
  class space    used 6955K, committed 7488K, reserved 1048576K
}
Event: 21.246 GC heap after
{Heap after GC invocations=225 (full 11):
 PSYoungGen      total 30208K, used 4569K [0x00000000eab00000, 0x00000000ece00000, 0x0000000100000000)
  eden space 25088K, 0% used [0x00000000eab00000,0x00000000eab00000,0x00000000ec380000)
  from space 5120K, 89% used [0x00000000ec380000,0x00000000ec7f6608,0x00000000ec880000)
  to   space 5120K, 0% used [0x00000000ec900000,0x00000000ec900000,0x00000000ece00000)
 ParOldGen       total 316928K, used 283008K [0x00000000c0000000, 0x00000000d3580000, 0x00000000eab00000)
  object space 316928K, 89% used [0x00000000c0000000,0x00000000d1460058,0x00000000d3580000)
 Metaspace       used 63710K, committed 64896K, reserved 1114112K
  class space    used 6955K, committed 7488K, reserved 1048576K
}
Event: 21.472 GC heap before
{Heap before GC invocations=226 (full 11):
 PSYoungGen      total 30208K, used 29657K [0x00000000eab00000, 0x00000000ece00000, 0x0000000100000000)
  eden space 25088K, 100% used [0x00000000eab00000,0x00000000ec380000,0x00000000ec380000)
  from space 5120K, 89% used [0x00000000ec380000,0x00000000ec7f6608,0x00000000ec880000)
  to   space 5120K, 0% used [0x00000000ec900000,0x00000000ec900000,0x00000000ece00000)
 ParOldGen       total 316928K, used 283008K [0x00000000c0000000, 0x00000000d3580000, 0x00000000eab00000)
  object space 316928K, 89% used [0x00000000c0000000,0x00000000d1460058,0x00000000d3580000)
 Metaspace       used 64052K, committed 65280K, reserved 1114112K
  class space    used 6990K, committed 7552K, reserved 1048576K
}
Event: 21.479 GC heap after
{Heap after GC invocations=226 (full 11):
 PSYoungGen      total 30208K, used 5105K [0x00000000eab00000, 0x00000000ece00000, 0x0000000100000000)
  eden space 25088K, 0% used [0x00000000eab00000,0x00000000eab00000,0x00000000ec380000)
  from space 5120K, 99% used [0x00000000ec900000,0x00000000ecdfc778,0x00000000ece00000)
  to   space 5120K, 0% used [0x00000000ec380000,0x00000000ec380000,0x00000000ec880000)
 ParOldGen       total 316928K, used 284605K [0x00000000c0000000, 0x00000000d3580000, 0x00000000eab00000)
  object space 316928K, 89% used [0x00000000c0000000,0x00000000d15ef4a8,0x00000000d3580000)
 Metaspace       used 64052K, committed 65280K, reserved 1114112K
  class space    used 6990K, committed 7552K, reserved 1048576K
}

