# JRE version: OpenJDK Runtime Environment Temurin-17.0.10+7 (17.0.10+7) (build 17.0.10+7)
# Java VM: OpenJDK 64-Bit Server VM Temurin-17.0.10+7 (17.0.10+7, mixed mode, tiered, compressed oops, compressed class ptrs, parallel gc, windows-amd64)
GC Precious Log:
 CPUs: 8 total, 8 available
 Memory: 7926M
 Large Page Support: Disabled
 NUMA Support: Disabled
 Compressed Oops: Enabled (32-bit)
 Alignments: Space 512K, Generation 512K, Heap 2M
 Heap Min Capacity: 100M
 Heap Initial Capacity: 100M
 Heap Max Capacity: 1G
 Pre-touch: Disabled
 Parallel Workers: 8
Heap:
 PSYoungGen      total 4096K, used 3750K [0x00000000eab00000, 0x00000000eb000000, 0x0000000100000000)
  eden space 3072K, 94% used [0x00000000eab00000,0x00000000eadd7eb8,0x00000000eae00000)
  from space 1024K, 81% used [0x00000000eae00000,0x00000000eaed19e8,0x00000000eaf00000)
  to   space 1024K, 0% used [0x00000000eaf00000,0x00000000eaf00000,0x00000000eb000000)
 ParOldGen       total 146432K, used 139562K [0x00000000c0000000, 0x00000000c8f00000, 0x00000000eab00000)
  object space 146432K, 95% used [0x00000000c0000000,0x00000000c884abc0,0x00000000c8f00000)
 Metaspace       used 61765K, committed 62720K, reserved 1114112K
  class space    used 6772K, committed 7232K, reserved 1048576K
GC Heap History (20 events):
Event: 17.181 GC heap before
{Heap before GC invocations=133 (full 6):
 PSYoungGen      total 4096K, used 3778K [0x00000000eab00000, 0x00000000eb000000, 0x0000000100000000)
  eden space 3072K, 99% used [0x00000000eab00000,0x00000000eadfff38,0x00000000eae00000)
  from space 1024K, 68% used [0x00000000eae00000,0x00000000eaeb0900,0x00000000eaf00000)
  to   space 1024K, 0% used [0x00000000eaf00000,0x00000000eaf00000,0x00000000eb000000)
 ParOldGen       total 146432K, used 131074K [0x00000000c0000000, 0x00000000c8f00000, 0x00000000eab00000)
  object space 146432K, 89% used [0x00000000c0000000,0x00000000c8000a98,0x00000000c8f00000)
 Metaspace       used 61765K, committed 62720K, reserved 1114112K
  class space    used 6772K, committed 7232K, reserved 1048576K
}
Event: 17.183 GC heap after
{Heap after GC invocations=133 (full 6):
 PSYoungGen      total 4096K, used 749K [0x00000000eab00000, 0x00000000eb000000, 0x0000000100000000)
  eden space 3072K, 0% used [0x00000000eab00000,0x00000000eab00000,0x00000000eae00000)
  from space 1024K, 73% used [0x00000000eaf00000,0x00000000eafbb778,0x00000000eb000000)
  to   space 1024K, 0% used [0x00000000eae00000,0x00000000eae00000,0x00000000eaf00000)
 ParOldGen       total 146432K, used 131638K [0x00000000c0000000, 0x00000000c8f00000, 0x00000000eab00000)
  object space 146432K, 89% used [0x00000000c0000000,0x00000000c808d970,0x00000000c8f00000)
 Metaspace       used 61765K, committed 62720K, reserved 1114112K
  class space    used 6772K, committed 7232K, reserved 1048576K
}
Event: 17.201 GC heap before
{Heap before GC invocations=134 (full 6):
 PSYoungGen      total 4096K, used 3821K [0x00000000eab00000, 0x00000000eb000000, 0x0000000100000000)
  eden space 3072K, 100% used [0x00000000eab00000,0x00000000eae00000,0x00000000eae00000)
  from space 1024K, 73% used [0x00000000eaf00000,0x00000000eafbb778,0x00000000eb000000)
  to   space 1024K, 0% used [0x00000000eae00000,0x00000000eae00000,0x00000000eaf00000)
 ParOldGen       total 146432K, used 131638K [0x00000000c0000000, 0x00000000c8f00000, 0x00000000eab00000)
  object space 146432K, 89% used [0x00000000c0000000,0x00000000c808d970,0x00000000c8f00000)
 Metaspace       used 61765K, committed 62720K, reserved 1114112K
  class space    used 6772K, committed 7232K, reserved 1048576K
}
Event: 17.202 GC heap after
{Heap after GC invocations=134 (full 6):
 PSYoungGen      total 4096K, used 750K [0x00000000eab00000, 0x00000000eb000000, 0x0000000100000000)
  eden space 3072K, 0% used [0x00000000eab00000,0x00000000eab00000,0x00000000eae00000)
  from space 1024K, 73% used [0x00000000eae00000,0x00000000eaebbab0,0x00000000eaf00000)
  to   space 1024K, 0% used [0x00000000eaf00000,0x00000000eaf00000,0x00000000eb000000)
 ParOldGen       total 146432K, used 132285K [0x00000000c0000000, 0x00000000c8f00000, 0x00000000eab00000)
  object space 146432K, 90% used [0x00000000c0000000,0x00000000c812f710,0x00000000c8f00000)
 Metaspace       used 61765K, committed 62720K, reserved 1114112K
  class space    used 6772K, committed 7232K, reserved 1048576K
}
Event: 17.216 GC heap before
{Heap before GC invocations=135 (full 6):
 PSYoungGen      total 4096K, used 3822K [0x00000000eab00000, 0x00000000eb000000, 0x0000000100000000)
  eden space 3072K, 100% used [0x00000000eab00000,0x00000000eae00000,0x00000000eae00000)
  from space 1024K, 73% used [0x00000000eae00000,0x00000000eaebbab0,0x00000000eaf00000)
  to   space 1024K, 0% used [0x00000000eaf00000,0x00000000eaf00000,0x00000000eb000000)
 ParOldGen       total 146432K, used 132285K [0x00000000c0000000, 0x00000000c8f00000, 0x00000000eab00000)
  object space 146432K, 90% used [0x00000000c0000000,0x00000000c812f710,0x00000000c8f00000)
 Metaspace       used 61765K, committed 62720K, reserved 1114112K
  class space    used 6772K, committed 7232K, reserved 1048576K
}
Event: 17.218 GC heap after
{Heap after GC invocations=135 (full 6):
 PSYoungGen      total 4096K, used 768K [0x00000000eab00000, 0x00000000eb000000, 0x0000000100000000)
  eden space 3072K, 0% used [0x00000000eab00000,0x00000000eab00000,0x00000000eae00000)
  from space 1024K, 75% used [0x00000000eaf00000,0x00000000eafc0000,0x00000000eb000000)
  to   space 1024K, 0% used [0x00000000eae00000,0x00000000eae00000,0x00000000eaf00000)
 ParOldGen       total 146432K, used 133010K [0x00000000c0000000, 0x00000000c8f00000, 0x00000000eab00000)
  object space 146432K, 90% used [0x00000000c0000000,0x00000000c81e4b78,0x00000000c8f00000)
 Metaspace       used 61765K, committed 62720K, reserved 1114112K
  class space    used 6772K, committed 7232K, reserved 1048576K
}
Event: 17.234 GC heap before
{Heap before GC invocations=136 (full 6):
 PSYoungGen      total 4096K, used 3840K [0x00000000eab00000, 0x00000000eb000000, 0x0000000100000000)
  eden space 3072K, 100% used [0x00000000eab00000,0x00000000eae00000,0x00000000eae00000)
  from space 1024K, 75% used [0x00000000eaf00000,0x00000000eafc0000,0x00000000eb000000)
  to   space 1024K, 0% used [0x00000000eae00000,0x00000000eae00000,0x00000000eaf00000)
 ParOldGen       total 146432K, used 133010K [0x00000000c0000000, 0x00000000c8f00000, 0x00000000eab00000)
  object space 146432K, 90% used [0x00000000c0000000,0x00000000c81e4b78,0x00000000c8f00000)
 Metaspace       used 61765K, committed 62720K, reserved 1114112K
  class space    used 6772K, committed 7232K, reserved 1048576K
}
Event: 17.236 GC heap after
{Heap after GC invocations=136 (full 6):
 PSYoungGen      total 4096K, used 904K [0x00000000eab00000, 0x00000000eb000000, 0x0000000100000000)
  eden space 3072K, 0% used [0x00000000eab00000,0x00000000eab00000,0x00000000eae00000)
  from space 1024K, 88% used [0x00000000eae00000,0x00000000eaee2060,0x00000000eaf00000)
  to   space 1024K, 0% used [0x00000000eaf00000,0x00000000eaf00000,0x00000000eb000000)
 ParOldGen       total 146432K, used 133717K [0x00000000c0000000, 0x00000000c8f00000, 0x00000000eab00000)
  object space 146432K, 91% used [0x00000000c0000000,0x00000000c8295540,0x00000000c8f00000)
 Metaspace       used 61765K, committed 62720K, reserved 1114112K
  class space    used 6772K, committed 7232K, reserved 1048576K
}
Event: 17.249 GC heap before
{Heap before GC invocations=137 (full 6):
 PSYoungGen      total 4096K, used 3976K [0x00000000eab00000, 0x00000000eb000000, 0x0000000100000000)
  eden space 3072K, 100% used [0x00000000eab00000,0x00000000eae00000,0x00000000eae00000)
  from space 1024K, 88% used [0x00000000eae00000,0x00000000eaee2060,0x00000000eaf00000)
  to   space 1024K, 0% used [0x00000000eaf00000,0x00000000eaf00000,0x00000000eb000000)
 ParOldGen       total 146432K, used 133717K [0x00000000c0000000, 0x00000000c8f00000, 0x00000000eab00000)
  object space 146432K, 91% used [0x00000000c0000000,0x00000000c8295540,0x00000000c8f00000)
 Metaspace       used 61765K, committed 62720K, reserved 1114112K
  class space    used 6772K, committed 7232K, reserved 1048576K
}
Event: 17.251 GC heap after
{Heap after GC invocations=137 (full 6):
 PSYoungGen      total 4096K, used 800K [0x00000000eab00000, 0x00000000eb000000, 0x0000000100000000)
  eden space 3072K, 0% used [0x00000000eab00000,0x00000000eab00000,0x00000000eae00000)
  from space 1024K, 78% used [0x00000000eaf00000,0x00000000eafc8000,0x00000000eb000000)
  to   space 1024K, 0% used [0x00000000eae00000,0x00000000eae00000,0x00000000eaf00000)
 ParOldGen       total 146432K, used 134436K [0x00000000c0000000, 0x00000000c8f00000, 0x00000000eab00000)
  object space 146432K, 91% used [0x00000000c0000000,0x00000000c83492f0,0x00000000c8f00000)
 Metaspace       used 61765K, committed 62720K, reserved 1114112K
  class space    used 6772K, committed 7232K, reserved 1048576K
}
Event: 17.263 GC heap before
{Heap before GC invocations=138 (full 6):
 PSYoungGen      total 4096K, used 3872K [0x00000000eab00000, 0x00000000eb000000, 0x0000000100000000)
  eden space 3072K, 100% used [0x00000000eab00000,0x00000000eae00000,0x00000000eae00000)
  from space 1024K, 78% used [0x00000000eaf00000,0x00000000eafc8000,0x00000000eb000000)
  to   space 1024K, 0% used [0x00000000eae00000,0x00000000eae00000,0x00000000eaf00000)
 ParOldGen       total 146432K, used 134436K [0x00000000c0000000, 0x00000000c8f00000, 0x00000000eab00000)
  object space 146432K, 91% used [0x00000000c0000000,0x00000000c83492f0,0x00000000c8f00000)
 Metaspace       used 61765K, committed 62720K, reserved 1114112K
  class space    used 6772K, committed 7232K, reserved 1048576K
}
Event: 17.265 GC heap after
{Heap after GC invocations=138 (full 6):
 PSYoungGen      total 4096K, used 777K [0x00000000eab00000, 0x00000000eb000000, 0x0000000100000000)
  eden space 3072K, 0% used [0x00000000eab00000,0x00000000eab00000,0x00000000eae00000)
  from space 1024K, 75% used [0x00000000eae00000,0x00000000eaec2458,0x00000000eaf00000)
  to   space 1024K, 0% used [0x00000000eaf00000,0x00000000eaf00000,0x00000000eb000000)
 ParOldGen       total 146432K, used 135132K [0x00000000c0000000, 0x00000000c8f00000, 0x00000000eab00000)
  object space 146432K, 92% used [0x00000000c0000000,0x00000000c83f72f8,0x00000000c8f00000)
 Metaspace       used 61765K, committed 62720K, reserved 1114112K
  class space    used 6772K, committed 7232K, reserved 1048576K
}
Event: 17.281 GC heap before
{Heap before GC invocations=139 (full 6):
 PSYoungGen      total 4096K, used 3849K [0x00000000eab00000, 0x00000000eb000000, 0x0000000100000000)
  eden space 3072K, 100% used [0x00000000eab00000,0x00000000eae00000,0x00000000eae00000)
  from space 1024K, 75% used [0x00000000eae00000,0x00000000eaec2458,0x00000000eaf00000)
  to   space 1024K, 0% used [0x00000000eaf00000,0x00000000eaf00000,0x00000000eb000000)
 ParOldGen       total 146432K, used 135132K [0x00000000c0000000, 0x00000000c8f00000, 0x00000000eab00000)
  object space 146432K, 92% used [0x00000000c0000000,0x00000000c83f72f8,0x00000000c8f00000)
 Metaspace       used 61765K, committed 62720K, reserved 1114112K
  class space    used 6772K, committed 7232K, reserved 1048576K
}
Event: 17.282 GC heap after
{Heap after GC invocations=139 (full 6):
 PSYoungGen      total 4096K, used 738K [0x00000000eab00000, 0x00000000eb000000, 0x0000000100000000)
  eden space 3072K, 0% used [0x00000000eab00000,0x00000000eab00000,0x00000000eae00000)
  from space 1024K, 72% used [0x00000000eaf00000,0x00000000eafb8bb8,0x00000000eb000000)
  to   space 1024K, 0% used [0x00000000eae00000,0x00000000eae00000,0x00000000eaf00000)
 ParOldGen       total 146432K, used 135830K [0x00000000c0000000, 0x00000000c8f00000, 0x00000000eab00000)
  object space 146432K, 92% used [0x00000000c0000000,0x00000000c84a5b80,0x00000000c8f00000)
 Metaspace       used 61765K, committed 62720K, reserved 1114112K
  class space    used 6772K, committed 7232K, reserved 1048576K
}
Event: 17.298 GC heap before
{Heap before GC invocations=140 (full 6):
 PSYoungGen      total 4096K, used 3810K [0x00000000eab00000, 0x00000000eb000000, 0x0000000100000000)
  eden space 3072K, 100% used [0x00000000eab00000,0x00000000eae00000,0x00000000eae00000)
  from space 1024K, 72% used [0x00000000eaf00000,0x00000000eafb8bb8,0x00000000eb000000)
  to   space 1024K, 0% used [0x00000000eae00000,0x00000000eae00000,0x00000000eaf00000)
 ParOldGen       total 146432K, used 135830K [0x00000000c0000000, 0x00000000c8f00000, 0x00000000eab00000)
  object space 146432K, 92% used [0x00000000c0000000,0x00000000c84a5b80,0x00000000c8f00000)
 Metaspace       used 61765K, committed 62720K, reserved 1114112K
  class space    used 6772K, committed 7232K, reserved 1048576K
}
Event: 17.299 GC heap after
{Heap after GC invocations=140 (full 6):
 PSYoungGen      total 4096K, used 800K [0x00000000eab00000, 0x00000000eb000000, 0x0000000100000000)
  eden space 3072K, 0% used [0x00000000eab00000,0x00000000eab00000,0x00000000eae00000)
  from space 1024K, 78% used [0x00000000eae00000,0x00000000eaec8368,0x00000000eaf00000)
  to   space 1024K, 0% used [0x00000000eaf00000,0x00000000eaf00000,0x00000000eb000000)
 ParOldGen       total 146432K, used 136531K [0x00000000c0000000, 0x00000000c8f00000, 0x00000000eab00000)
  object space 146432K, 93% used [0x00000000c0000000,0x00000000c8554ec8,0x00000000c8f00000)
 Metaspace       used 61765K, committed 62720K, reserved 1114112K
  class space    used 6772K, committed 7232K, reserved 1048576K
}
Event: 17.313 GC heap before
{Heap before GC invocations=141 (full 6):
 PSYoungGen      total 4096K, used 3865K [0x00000000eab00000, 0x00000000eb000000, 0x0000000100000000)
  eden space 3072K, 99% used [0x00000000eab00000,0x00000000eadfe1a0,0x00000000eae00000)
  from space 1024K, 78% used [0x00000000eae00000,0x00000000eaec8368,0x00000000eaf00000)
  to   space 1024K, 0% used [0x00000000eaf00000,0x00000000eaf00000,0x00000000eb000000)
 ParOldGen       total 146432K, used 136531K [0x00000000c0000000, 0x00000000c8f00000, 0x00000000eab00000)
  object space 146432K, 93% used [0x00000000c0000000,0x00000000c8554ec8,0x00000000c8f00000)
 Metaspace       used 61765K, committed 62720K, reserved 1114112K
  class space    used 6772K, committed 7232K, reserved 1048576K
}
Event: 17.314 GC heap after
{Heap after GC invocations=141 (full 6):
 PSYoungGen      total 4096K, used 749K [0x00000000eab00000, 0x00000000eb000000, 0x0000000100000000)
  eden space 3072K, 0% used [0x00000000eab00000,0x00000000eab00000,0x00000000eae00000)
  from space 1024K, 73% used [0x00000000eaf00000,0x00000000eafbb510,0x00000000eb000000)
  to   space 1024K, 0% used [0x00000000eae00000,0x00000000eae00000,0x00000000eaf00000)
 ParOldGen       total 146432K, used 137228K [0x00000000c0000000, 0x00000000c8f00000, 0x00000000eab00000)
  object space 146432K, 93% used [0x00000000c0000000,0x00000000c8603220,0x00000000c8f00000)
 Metaspace       used 61765K, committed 62720K, reserved 1114112K
  class space    used 6772K, committed 7232K, reserved 1048576K
}
Event: 17.326 GC heap before
{Heap before GC invocations=142 (full 6):
 PSYoungGen      total 4096K, used 3821K [0x00000000eab00000, 0x00000000eb000000, 0x0000000100000000)
  eden space 3072K, 100% used [0x00000000eab00000,0x00000000eae00000,0x00000000eae00000)
  from space 1024K, 73% used [0x00000000eaf00000,0x00000000eafbb510,0x00000000eb000000)
  to   space 1024K, 0% used [0x00000000eae00000,0x00000000eae00000,0x00000000eaf00000)
 ParOldGen       total 146432K, used 137228K [0x00000000c0000000, 0x00000000c8f00000, 0x00000000eab00000)
  object space 146432K, 93% used [0x00000000c0000000,0x00000000c8603220,0x00000000c8f00000)
 Metaspace       used 61765K, committed 62720K, reserved 1114112K
  class space    used 6772K, committed 7232K, reserved 1048576K
}
Event: 17.328 GC heap after
{Heap after GC invocations=142 (full 6):
 PSYoungGen      total 4096K, used 832K [0x00000000eab00000, 0x00000000eb000000, 0x0000000100000000)
  eden space 3072K, 0% used [0x00000000eab00000,0x00000000eab00000,0x00000000eae00000)
  from space 1024K, 81% used [0x00000000eae00000,0x00000000eaed0000,0x00000000eaf00000)
  to   space 1024K, 0% used [0x00000000eaf00000,0x00000000eaf00000,0x00000000eb000000)
 ParOldGen       total 146432K, used 137915K [0x00000000c0000000, 0x00000000c8f00000, 0x00000000eab00000)
  object space 146432K, 94% used [0x00000000c0000000,0x00000000c86aefc8,0x00000000c8f00000)
 Metaspace       used 61765K, committed 62720K, reserved 1114112K
  class space    used 6772K, committed 7232K, reserved 1048576K
}

